;;; 
Export: Release 11.2.0.4.0 - Production on Sun Nov 22 16:19:10 2020

Copyright (c) 1982, 2011, Oracle and/or its affiliates.  All rights reserved.
;;; 
Connected to: Oracle Database 11g Enterprise Edition Release 11.2.0.4.0 - 64bit Production
With the Partitioning, OLAP, Data Mining and Real Application Testing options
Starting "PDS"."SYS_EXPORT_SCHEMA_01":  pds/******** schemas=pds directory=dbbackup dumpfile=pds_221120-16-19.dmp logfile=pds_221120-16-19.log 
Estimate in progress using BLOCKS method...
Processing object type SCHEMA_EXPORT/TABLE/TABLE_DATA
Total estimation using BLOCKS method: 7.25 MB
Processing object type SCHEMA_EXPORT/USER
Processing object type SCHEMA_EXPORT/SYSTEM_GRANT
Processing object type SCHEMA_EXPORT/ROLE_GRANT
Processing object type SCHEMA_EXPORT/DEFAULT_ROLE
Processing object type SCHEMA_EXPORT/PRE_SCHEMA/PROCACT_SCHEMA
Processing object type SCHEMA_EXPORT/SEQUENCE/SEQUENCE
Processing object type SCHEMA_EXPORT/TABLE/TABLE
Processing object type SCHEMA_EXPORT/TABLE/COMMENT
Processing object type SCHEMA_EXPORT/FUNCTION/FUNCTION
Processing object type SCHEMA_EXPORT/FUNCTION/ALTER_FUNCTION
Processing object type SCHEMA_EXPORT/TABLE/INDEX/INDEX
Processing object type SCHEMA_EXPORT/TABLE/CONSTRAINT/CONSTRAINT
Processing object type SCHEMA_EXPORT/TABLE/INDEX/STATISTICS/INDEX_STATISTICS
Processing object type SCHEMA_EXPORT/TABLE/TRIGGER
Processing object type SCHEMA_EXPORT/TABLE/STATISTICS/TABLE_STATISTICS
. . exported "PDS"."PDS"                                 3.236 MB     329 rows
. . exported "PDS"."INHOUSETRAINING"                     503.9 KB     762 rows
. . exported "PDS"."MOVED"                               50.41 KB       4 rows
. . exported "PDS"."ACR"                                 6.562 KB       2 rows
. . exported "PDS"."ACTION"                              17.82 KB     348 rows
. . exported "PDS"."ADMIN"                               6.328 KB       2 rows
. . exported "PDS"."REGISTRATIONCHECK"                   12.90 KB     324 rows
. . exported "PDS"."USERS"                               25.33 KB     359 rows
. . exported "PDS"."teacherstraining"                        0 KB       0 rows
. . exported "PDS"."trainingquipment"                        0 KB       0 rows
. . exported "PDS"."uitrceissues"                            0 KB       0 rows
Master table "PDS"."SYS_EXPORT_SCHEMA_01" successfully loaded/unloaded
******************************************************************************
Dump file set for PDS.SYS_EXPORT_SCHEMA_01 is:
  /u02/dbbackup/pds_221120-16-19.dmp
Job "PDS"."SYS_EXPORT_SCHEMA_01" successfully completed at Sun Nov 22 16:19:16 2020 elapsed 0 00:00:05
